<?xml version="1.0" encoding="UTF-8"?>
<testsuite name="mockSample.StuControllerTest" tests="1" skipped="0" failures="0" errors="0" timestamp="2018-06-02T08:46:51" hostname="DESKTOP-SMGQBBM" time="0.024">
  <properties/>
  <testcase name="testGetStudentInfo" classname="mockSample.StuControllerTest" time="0.024"/>
  <system-out><![CDATA[]]></system-out>
  <system-err><![CDATA[]]></system-err>
</testsuite>
