<?xml version="1.0" encoding="UTF-8"?>
<testsuite name="mockThink.CalculaterTest" tests="1" skipped="0" failures="0" errors="0" timestamp="2018-06-02T08:46:51" hostname="DESKTOP-SMGQBBM" time="0.014">
  <properties/>
  <testcase name="mockDemo" classname="mockThink.CalculaterTest" time="0.014"/>
  <system-out><![CDATA[2.0
]]></system-out>
  <system-err><![CDATA[]]></system-err>
</testsuite>
