<?xml version="1.0" encoding="UTF-8"?>
<testsuite name="mockDB.UserDAOTest" tests="5" skipped="0" failures="0" errors="0" timestamp="2018-06-02T08:46:50" hostname="DESKTOP-SMGQBBM" time="0.893">
  <properties/>
  <testcase name="createAndUpdateUser" classname="mockDB.UserDAOTest" time="0.887"/>
  <testcase name="createAndDeleteUser" classname="mockDB.UserDAOTest" time="0.001"/>
  <testcase name="nullCreateThrowsException" classname="mockDB.UserDAOTest" time="0.003"/>
  <testcase name="createAndSelectUser" classname="mockDB.UserDAOTest" time="0.001"/>
  <testcase name="createPerson" classname="mockDB.UserDAOTest" time="0.001"/>
  <system-out><![CDATA[]]></system-out>
  <system-err><![CDATA[]]></system-err>
</testsuite>
