<?xml version="1.0" encoding="UTF-8"?>
<testsuite name="mockitoSample.MockitoDemo2" tests="1" skipped="0" failures="0" errors="0" timestamp="2018-06-02T08:46:51" hostname="DESKTOP-SMGQBBM" time="0.0">
  <properties/>
  <testcase name="whenUseMockAnnotation_thenMockIsInjected" classname="mockitoSample.MockitoDemo2" time="0.0"/>
  <system-out><![CDATA[]]></system-out>
  <system-err><![CDATA[]]></system-err>
</testsuite>
